Using CPython 3.11.15 interpreter at: /public/home/yanhongru/.local/share/uv/python/cpython-3.11-linux-x86_64-gnu/bin/python3.11
Creating virtual environment at: /tmp/openpi_uv_env_yanhongru_150773_0
Installed 242 packages in 10.32s
18:33:24.962 [I] Running on: server38                                                             (3825902:train.py:196)
INFO:2026-06-25 18:33:25,694:jax._src.xla_bridge:925: Unable to initialize backend 'rocm': module 'jaxlib.xla_extension' has no attribute 'GpuAllocatorConfig'
18:33:25.694 [I] Unable to initialize backend 'rocm': module 'jaxlib.xla_extension' has no attribute 'GpuAllocatorConfig' (3825902:xla_bridge.py:925)
INFO:2026-06-25 18:33:25,701:jax._src.xla_bridge:925: Unable to initialize backend 'tpu': INTERNAL: Failed to open libtpu.so: libtpu.so: cannot open shared object file: No such file or directory
18:33:25.701 [I] Unable to initialize backend 'tpu': INTERNAL: Failed to open libtpu.so: libtpu.so: cannot open shared object file: No such file or directory (3825902:xla_bridge.py:925)
18:33:28.007 [I] Created BasePyTreeCheckpointHandler: use_ocdbt=True, use_zarr3=False, pytree_metadata_options=PyTreeMetadataOptions(support_rich_types=False), array_metadata_store=<orbax.checkpoint._src.metadata.array_metadata_store.Store object at 0x14c786547ed0> (3825902:base_pytree_checkpoint_handler.py:334)
18:33:28.007 [I] Created BasePyTreeCheckpointHandler: use_ocdbt=True, use_zarr3=False, pytree_metadata_options=PyTreeMetadataOptions(support_rich_types=False), array_metadata_store=<orbax.checkpoint._src.metadata.array_metadata_store.Store object at 0x14c786547ed0> (3825902:base_pytree_checkpoint_handler.py:334)
18:33:28.008 [I] [thread=MainThread] Failed to get flag value for EXPERIMENTAL_ORBAX_USE_DISTRIBUTED_PROCESS_ID. (3825902:multihost.py:390)
18:33:28.009 [I] [process=0][thread=MainThread] CheckpointManager init: checkpointers=None, item_names=None, item_handlers={'assets': <openpi.training.checkpoints.CallbackHandler object at 0x14c662f99510>, 'train_state': <orbax.checkpoint._src.handlers.pytree_checkpoint_handler.PyTreeCheckpointHandler object at 0x14c662f99cd0>, 'params': <orbax.checkpoint._src.handlers.pytree_checkpoint_handler.PyTreeCheckpointHandler object at 0x14c662d157d0>}, handler_registry=None (3825902:checkpoint_manager.py:620)
18:33:28.010 [I] Deferred registration for item: "assets". Adding handler `<openpi.training.checkpoints.CallbackHandler object at 0x14c662f99510>` for item "assets" and save args `<class 'openpi.training.checkpoints.CallbackSave'>` and restore args `<class 'openpi.training.checkpoints.CallbackRestore'>` to `_handler_registry`. (3825902:composite_checkpoint_handler.py:234)
18:33:28.010 [I] Deferred registration for item: "train_state". Adding handler `<orbax.checkpoint._src.handlers.pytree_checkpoint_handler.PyTreeCheckpointHandler object at 0x14c662f99cd0>` for item "train_state" and save args `<class 'orbax.checkpoint._src.handlers.pytree_checkpoint_handler.PyTreeSaveArgs'>` and restore args `<class 'orbax.checkpoint._src.handlers.pytree_checkpoint_handler.PyTreeRestoreArgs'>` to `_handler_registry`. (3825902:composite_checkpoint_handler.py:234)
18:33:28.010 [I] Deferred registration for item: "params". Adding handler `<orbax.checkpoint._src.handlers.pytree_checkpoint_handler.PyTreeCheckpointHandler object at 0x14c662d157d0>` for item "params" and save args `<class 'orbax.checkpoint._src.handlers.pytree_checkpoint_handler.PyTreeSaveArgs'>` and restore args `<class 'orbax.checkpoint._src.handlers.pytree_checkpoint_handler.PyTreeRestoreArgs'>` to `_handler_registry`. (3825902:composite_checkpoint_handler.py:234)
18:33:28.010 [I] Deferred registration for item: "metrics". Adding handler `<orbax.checkpoint._src.handlers.json_checkpoint_handler.JsonCheckpointHandler object at 0x14c662f99f90>` for item "metrics" and save args `<class 'orbax.checkpoint._src.handlers.json_checkpoint_handler.JsonSaveArgs'>` and restore args `<class 'orbax.checkpoint._src.handlers.json_checkpoint_handler.JsonRestoreArgs'>` to `_handler_registry`. (3825902:composite_checkpoint_handler.py:234)
18:33:28.010 [I] Initialized registry DefaultCheckpointHandlerRegistry({('assets', <class 'openpi.training.checkpoints.CallbackSave'>): <openpi.training.checkpoints.CallbackHandler object at 0x14c662f99510>, ('assets', <class 'openpi.training.checkpoints.CallbackRestore'>): <openpi.training.checkpoints.CallbackHandler object at 0x14c662f99510>, ('train_state', <class 'orbax.checkpoint._src.handlers.pytree_checkpoint_handler.PyTreeSaveArgs'>): <orbax.checkpoint._src.handlers.pytree_checkpoint_handler.PyTreeCheckpointHandler object at 0x14c662f99cd0>, ('train_state', <class 'orbax.checkpoint._src.handlers.pytree_checkpoint_handler.PyTreeRestoreArgs'>): <orbax.checkpoint._src.handlers.pytree_checkpoint_handler.PyTreeCheckpointHandler object at 0x14c662f99cd0>, ('params', <class 'orbax.checkpoint._src.handlers.pytree_checkpoint_handler.PyTreeSaveArgs'>): <orbax.checkpoint._src.handlers.pytree_checkpoint_handler.PyTreeCheckpointHandler object at 0x14c662d157d0>, ('params', <class 'orbax.checkpoint._src.handlers.pytree_checkpoint_handler.PyTreeRestoreArgs'>): <orbax.checkpoint._src.handlers.pytree_checkpoint_handler.PyTreeCheckpointHandler object at 0x14c662d157d0>, ('metrics', <class 'orbax.checkpoint._src.handlers.json_checkpoint_handler.JsonSaveArgs'>): <orbax.checkpoint._src.handlers.json_checkpoint_handler.JsonCheckpointHandler object at 0x14c662f99f90>, ('metrics', <class 'orbax.checkpoint._src.handlers.json_checkpoint_handler.JsonRestoreArgs'>): <orbax.checkpoint._src.handlers.json_checkpoint_handler.JsonCheckpointHandler object at 0x14c662f99f90>}). (3825902:composite_checkpoint_handler.py:502)
18:33:28.011 [I] orbax-checkpoint version: 0.11.13                                                (3825902:abstract_checkpointer.py:35)
18:33:28.011 [I] [process=0][thread=MainThread] Using barrier_sync_fn: <function get_barrier_sync_fn.<locals>.<lambda> at 0x14c6631c6c00> timeout: 7200 secs and primary_host=0 for async checkpoint writes (3825902:async_checkpointer.py:170)
18:33:28.015 [I] Found 0 checkpoint steps in /public/home/yanhongru/ICLR2027/Reflex/experiments/world_model_task_rebinding/openpi/checkpoints/pi05_maniskill_peg733/pi05_peg733_1gpu1h_20260625_after_official_pi05_params_cache_repair_skipnorm_alloc150773 (3825902:checkpoint_manager.py:1701)
18:33:28.016 [I] [process=0][thread=MainThread] CheckpointManager created,  primary_host=0, CheckpointManagerOptions=CheckpointManagerOptions(save_interval_steps=1, max_to_keep=1, keep_time_interval=None, keep_period=5000, should_keep_fn=None, best_fn=None, best_mode='max', keep_checkpoints_without_metrics=True, step_prefix=None, step_format_fixed_length=None, step_name_format=None, create=False, cleanup_tmp_directories=False, save_on_steps=frozenset(), single_host_load_and_broadcast=False, todelete_subdir=None, enable_background_delete=False, read_only=False, enable_async_checkpointing=True, async_options=AsyncOptions(timeout_secs=7200, barrier_sync_fn=None, post_finalization_callback=None, create_directories_asynchronously=True), multiprocessing_options=MultiprocessingOptions(primary_host=0, active_processes=None, barrier_sync_key_prefix=None), should_save_fn=None, file_options=FileOptions(path_permission_mode=None), save_root_metadata=True, temporary_path_class=None, save_decision_policy=None, prevent_write_metrics=False), root_directory=/public/home/yanhongru/ICLR2027/Reflex/experiments/world_model_task_rebinding/openpi/checkpoints/pi05_maniskill_peg733/pi05_peg733_1gpu1h_20260625_after_official_pi05_params_cache_repair_skipnorm_alloc150773: <orbax.checkpoint.checkpoint_manager.CheckpointManager object at 0x14c663123d50> (3825902:checkpoint_manager.py:801)
wandb: ERROR api_key not configured (no-tty). call wandb.login(key=[your_api_key])
Traceback (most recent call last):
  File "/public/home/yanhongru/ICLR2027/openpi/scripts/train.py", line 280, in <module>
    main(_config.cli())
  File "/public/home/yanhongru/ICLR2027/openpi/scripts/train.py", line 218, in main
    init_wandb(config, resuming=resuming, enabled=config.wandb_enabled)
  File "/public/home/yanhongru/ICLR2027/openpi/scripts/train.py", line 62, in init_wandb
    wandb.init(
  File "/tmp/openpi_uv_env_yanhongru_150773_0/lib/python3.11/site-packages/wandb/sdk/wandb_init.py", line 1691, in init
    wandb._sentry.reraise(e)
  File "/tmp/openpi_uv_env_yanhongru_150773_0/lib/python3.11/site-packages/wandb/analytics/sentry.py", line 156, in reraise
    raise exc.with_traceback(sys.exc_info()[2])
  File "/tmp/openpi_uv_env_yanhongru_150773_0/lib/python3.11/site-packages/wandb/sdk/wandb_init.py", line 1623, in init
    wi.maybe_login(init_settings)
  File "/tmp/openpi_uv_env_yanhongru_150773_0/lib/python3.11/site-packages/wandb/sdk/wandb_init.py", line 208, in maybe_login
    wandb_login._login(
  File "/tmp/openpi_uv_env_yanhongru_150773_0/lib/python3.11/site-packages/wandb/sdk/wandb_login.py", line 314, in _login
    key, key_status = wlogin.prompt_api_key(referrer=referrer)
                      ^^^^^^^^^^^^^^^^^^^^^^^^^^^^^^^^^^^^^^^^
  File "/tmp/openpi_uv_env_yanhongru_150773_0/lib/python3.11/site-packages/wandb/sdk/wandb_login.py", line 242, in prompt_api_key
    raise UsageError("api_key not configured (no-tty). call " + directive)
wandb.errors.errors.UsageError: api_key not configured (no-tty). call wandb.login(key=[your_api_key])
